Running: D:\Tsinghua\Autumn2018\computer\ise\14.7\ISE_DS\ISE\bin\nt64\unwrapped\fuse.exe -intstyle ise -incremental -o D:/Tsinghua/Autumn2018/computer/PipelinedMIPS16e/simu_project/cpu_test_isim_beh.exe -prj D:/Tsinghua/Autumn2018/computer/PipelinedMIPS16e/simu_project/cpu_test_beh.prj cpu_test 
ISim P.20131013 (signature 0x7708f090)
Number of CPUs detected in this system: 12
Turning on mult-threading, number of parallel sub-compilation jobs: 24 
Determining compilation order of HDL files
Parsing VHDL file "D:/Tsinghua/Autumn2018/computer/PipelinedMIPS16e/simu_project/reg.vhd" into library work
Parsing VHDL file "D:/Tsinghua/Autumn2018/computer/PipelinedMIPS16e/simu_project/pcselector.vhd" into library work
Parsing VHDL file "D:/Tsinghua/Autumn2018/computer/PipelinedMIPS16e/simu_project/fmemory.vhd" into library work
Parsing VHDL file "D:/Tsinghua/Autumn2018/computer/PipelinedMIPS16e/simu_project/decoder.vhd" into library work
Parsing VHDL file "D:/Tsinghua/Autumn2018/computer/PipelinedMIPS16e/simu_project/dataselector.vhd" into library work
Parsing VHDL file "D:/Tsinghua/Autumn2018/computer/PipelinedMIPS16e/simu_project/alu.vhd" into library work
Parsing VHDL file "D:/Tsinghua/Autumn2018/computer/PipelinedMIPS16e/simu_project/cpu_test.vhd" into library work
Starting static elaboration
Completed static elaboration
Compiling package standard
Compiling package std_logic_1164
Compiling package std_logic_arith
Compiling package std_logic_unsigned
Compiling architecture bhv of entity memory [memory_default]
Compiling architecture bhv of entity decoder [decoder_default]
Compiling architecture bhv of entity reg [reg_default]
Compiling architecture bhv of entity DataSelector [dataselector_default]
Compiling architecture bhv of entity alu [alu_default]
Compiling architecture bhv of entity PCSelector [pcselector_default]
Compiling architecture behavior of entity cpu_test
Time Resolution for simulation is 1ps.
WARNING:Simulator - Unable to copy libPortabilityNOSH.dll to the simulation executable directory: boost::filesystem::copy_file: 系统找不到指定的路径。, "isim\cpu_test_isim_beh.exe.sim\libPortability.dll".
Compiled 17 VHDL Units
Built simulation executable D:/Tsinghua/Autumn2018/computer/PipelinedMIPS16e/simu_project/cpu_test_isim_beh.exe
Fuse Memory Usage: 43044 KB
Fuse CPU Usage: 2234 ms
