Release 14.7 - xst P.20131013 (nt64)
Copyright (c) 1995-2013 Xilinx, Inc.  All rights reserved.
--> Parameter TMPDIR set to xst/projnav.tmp


Total REAL time to Xst completion: 0.00 secs
Total CPU time to Xst completion: 0.08 secs
 
--> Parameter xsthdpdir set to xst


Total REAL time to Xst completion: 0.00 secs
Total CPU time to Xst completion: 0.08 secs
 
--> Reading design: main.prj

TABLE OF CONTENTS
  1) Synthesis Options Summary
  2) HDL Compilation
  3) Design Hierarchy Analysis
  4) HDL Analysis
  5) HDL Synthesis
     5.1) HDL Synthesis Report
  6) Advanced HDL Synthesis
     6.1) Advanced HDL Synthesis Report
  7) Low Level Synthesis
  8) Partition Report
  9) Final Report
	9.1) Device utilization summary
	9.2) Partition Resource Summary
	9.3) TIMING REPORT


=========================================================================
*                      Synthesis Options Summary                        *
=========================================================================
---- Source Parameters
Input File Name                    : "main.prj"
Input Format                       : mixed
Ignore Synthesis Constraint File   : NO

---- Target Parameters
Output File Name                   : "main"
Output Format                      : NGC
Target Device                      : xc3s1200e-4-fg320

---- Source Options
Top Module Name                    : main
Automatic FSM Extraction           : YES
FSM Encoding Algorithm             : Auto
Safe Implementation                : No
FSM Style                          : LUT
RAM Extraction                     : Yes
RAM Style                          : Auto
ROM Extraction                     : Yes
Mux Style                          : Auto
Decoder Extraction                 : YES
Priority Encoder Extraction        : Yes
Shift Register Extraction          : YES
Logical Shifter Extraction         : YES
XOR Collapsing                     : YES
ROM Style                          : Auto
Mux Extraction                     : Yes
Resource Sharing                   : YES
Asynchronous To Synchronous        : NO
Multiplier Style                   : Auto
Automatic Register Balancing       : No

---- Target Options
Add IO Buffers                     : YES
Global Maximum Fanout              : 100000
Add Generic Clock Buffer(BUFG)     : 24
Register Duplication               : YES
Slice Packing                      : YES
Optimize Instantiated Primitives   : NO
Use Clock Enable                   : Yes
Use Synchronous Set                : Yes
Use Synchronous Reset              : Yes
Pack IO Registers into IOBs        : Auto
Equivalent register Removal        : YES

---- General Options
Optimization Goal                  : Speed
Optimization Effort                : 1
Keep Hierarchy                     : No
Netlist Hierarchy                  : As_Optimized
RTL Output                         : Yes
Global Optimization                : AllClockNets
Read Cores                         : YES
Write Timing Constraints           : NO
Cross Clock Analysis               : NO
Hierarchy Separator                : /
Bus Delimiter                      : <>
Case Specifier                     : Maintain
Slice Utilization Ratio            : 100
BRAM Utilization Ratio             : 100
Verilog 2001                       : YES
Auto BRAM Packing                  : NO
Slice Utilization Ratio Delta      : 5

=========================================================================


=========================================================================
*                          HDL Compilation                              *
=========================================================================
Compiling vhdl file "//mac/home/Desktop/cpu/PipelinedMIPS16e/cpu_project/memory.vhd" in Library work.
Architecture bhv of Entity memory is up to date.
Compiling vhdl file "//mac/home/Desktop/cpu/PipelinedMIPS16e/cpu_project/decoder.vhd" in Library work.
Architecture bhv of Entity decoder is up to date.
Compiling vhdl file "//mac/home/Desktop/cpu/PipelinedMIPS16e/cpu_project/reg.vhd" in Library work.
Architecture bhv of Entity reg is up to date.
Compiling vhdl file "//mac/home/Desktop/cpu/PipelinedMIPS16e/cpu_project/dataselector.vhd" in Library work.
Architecture bhv of Entity dataselector is up to date.
Compiling vhdl file "//mac/home/Desktop/cpu/PipelinedMIPS16e/cpu_project/alu.vhd" in Library work.
Architecture bhv of Entity alu is up to date.
Compiling vhdl file "//mac/home/Desktop/cpu/PipelinedMIPS16e/cpu_project/pcselector.vhd" in Library work.
Architecture bhv of Entity pcselector is up to date.
Compiling vhdl file "//mac/home/Desktop/cpu/PipelinedMIPS16e/cpu_project/cpu.vhd" in Library work.
ERROR:HDLParsers:164 - "//mac/home/Desktop/cpu/PipelinedMIPS16e/cpu_project/cpu.vhd" Line 249. parse error, unexpected SEMICOLON, expecting COMMA or CLOSEPAR
ERROR:HDLParsers:3312 - "//mac/home/Desktop/cpu/PipelinedMIPS16e/cpu_project/cpu.vhd" Line 250. Undefined symbol 'InstructionResult'.
ERROR:HDLParsers:1209 - "//mac/home/Desktop/cpu/PipelinedMIPS16e/cpu_project/cpu.vhd" Line 250. InstructionResult: Undefined symbol (last report in this block)
ERROR:HDLParsers:164 - "//mac/home/Desktop/cpu/PipelinedMIPS16e/cpu_project/cpu.vhd" Line 403. parse error, unexpected EQ
ERROR:HDLParsers:164 - "//mac/home/Desktop/cpu/PipelinedMIPS16e/cpu_project/cpu.vhd" Line 417. parse error, unexpected IF, expecting PROCESS
--> 

Total memory usage is 249248 kilobytes

Number of errors   :    5 (   0 filtered)
Number of warnings :    0 (   0 filtered)
Number of infos    :    0 (   0 filtered)

